2013-12-26 18:12:24 [main] INFO  com.depeng.log.JavaClassMain - 1
2013-12-26 18:12:24 [main] INFO  com.depeng.log.JavaClassMain - 2
2013-12-26 18:12:24 [main] INFO  com.depeng.log.JavaClassMain - 3
2013-12-26 18:12:24 [main] INFO  com.depeng.log.JavaClassMain - 4
2013-12-26 18:12:24 [main] ERROR com.depeng.log.JavaClassMain - error
2013-12-26 18:13:36 [main] INFO  com.depeng.log.JavaClassMain - 1
2013-12-26 18:13:36 [main] INFO  com.depeng.log.JavaClassMain - 2
2013-12-26 18:13:36 [main] INFO  com.depeng.log.JavaClassMain - 3
2013-12-26 18:13:36 [main] INFO  com.depeng.log.JavaClassMain - 4
2013-12-26 18:13:36 [main] ERROR com.depeng.log.JavaClassMain - error
2013-12-26 18:14:02 [main] INFO  com.depeng.log.JavaClassMain - 1
2013-12-26 18:14:02 [main] INFO  com.depeng.log.JavaClassMain - 2
2013-12-26 18:14:02 [main] INFO  com.depeng.log.JavaClassMain - 3
2013-12-26 18:14:02 [main] INFO  com.depeng.log.JavaClassMain - 4
2013-12-26 18:14:02 [main] ERROR com.depeng.log.JavaClassMain - error
2013-12-26 18:14:26 [main] INFO  com.depeng.log.JavaClassMain - 1
2013-12-26 18:14:27 [main] INFO  com.depeng.log.JavaClassMain - 2
2013-12-26 18:14:27 [main] INFO  com.depeng.log.JavaClassMain - 3
2013-12-26 18:14:27 [main] INFO  com.depeng.log.JavaClassMain - 4
2013-12-26 18:14:27 [main] ERROR com.depeng.log.JavaClassMain - error
2013-12-26 18:14:37 [main] INFO  com.depeng.log.JavaClassMain - 1
2013-12-26 18:14:37 [main] INFO  com.depeng.log.JavaClassMain - 2
2013-12-26 18:14:37 [main] INFO  com.depeng.log.JavaClassMain - 3
2013-12-26 18:14:37 [main] INFO  com.depeng.log.JavaClassMain - 4
2013-12-26 18:14:37 [main] ERROR com.depeng.log.JavaClassMain - error
2013-12-26 18:15:02 [main] INFO  com.depeng.log.OtherClass - 1
2013-12-26 18:15:02 [main] INFO  com.depeng.log.OtherClass - 2
2013-12-26 18:15:02 [main] INFO  com.depeng.log.OtherClass - 3
2013-12-26 18:15:02 [main] INFO  com.depeng.log.OtherClass - 4
2013-12-26 18:15:02 [main] ERROR com.depeng.log.OtherClass - error
2013-12-26 18:15:18 [main] INFO  com.depeng.log.OtherClass - 3
2013-12-26 18:15:18 [main] INFO  com.depeng.log.OtherClass - 4
2013-12-26 18:15:18 [main] ERROR com.depeng.log.OtherClass - error
2013-12-26 18:15:18 [main] INFO  com.depeng.log.OtherClass - 1
2013-12-26 18:15:18 [main] INFO  com.depeng.log.OtherClass - 2
2013-12-26 18:15:38 [main] INFO  com.depeng.log.JavaClassMain - 1
2013-12-26 18:15:38 [main] INFO  com.depeng.log.JavaClassMain - 2
2013-12-26 18:15:38 [main] INFO  com.depeng.log.JavaClassMain - 3
2013-12-26 18:15:38 [main] INFO  com.depeng.log.JavaClassMain - 4
2013-12-26 18:15:38 [main] ERROR com.depeng.log.JavaClassMain - error
2013-12-26 18:18:19 [main] INFO  com.depeng.log.JavaClassMain - 1
2013-12-26 18:18:19 [main] INFO  com.depeng.log.JavaClassMain - 2
2013-12-26 18:18:19 [main] INFO  com.depeng.log.JavaClassMain - 3
2013-12-26 18:18:19 [main] INFO  com.depeng.log.JavaClassMain - 4
2013-12-26 18:18:19 [main] ERROR com.depeng.log.JavaClassMain - error
2013-12-26 18:18:43 [main] INFO  com.depeng.log.JavaClassMain - 1
2013-12-26 18:18:43 [main] INFO  com.depeng.log.JavaClassMain - 2
2013-12-26 18:18:43 [main] INFO  com.depeng.log.JavaClassMain - 3
2013-12-26 18:18:43 [main] INFO  com.depeng.log.JavaClassMain - 4
2013-12-26 18:18:43 [main] ERROR com.depeng.log.JavaClassMain - error
2013-12-26 18:18:43 [main] ERROR com.depeng.log.New - I am New class
